Scanning dependencies of target dso
[  3%] Building CXX object CMakeFiles/dso.dir/src/FullSystem/FullSystem.cpp.o
In file included from /home/ren/work/fdso0117/fdso/src/FullSystem/FullSystem.h:36:0,
                 from /home/ren/work/fdso0117/fdso/src/FullSystem/FullSystem.cpp:32:
/home/ren/work/fdso0117/fdso/src/FullSystem/FrameHessian.h: In member function ‘void fdso::FrameHessian::CleanAllFeatures()’:
/home/ren/work/fdso0117/fdso/src/FullSystem/FrameHessian.h:350:22: warning: possible problem detected in invocation of delete operator: [-Wdelete-incomplete]
    delete _features[i];
                      ^
/home/ren/work/fdso0117/fdso/src/FullSystem/FrameHessian.h:350:22: warning: invalid use of incomplete type ‘class fdso::Feature’
In file included from /home/ren/work/fdso0117/fdso/src/FullSystem/FullSystem.h:36:0,
                 from /home/ren/work/fdso0117/fdso/src/FullSystem/FullSystem.cpp:32:
/home/ren/work/fdso0117/fdso/src/FullSystem/FrameHessian.h:67:7: warning: forward declaration of ‘class fdso::Feature’
 class Feature;
       ^
In file included from /home/ren/work/fdso0117/fdso/src/FullSystem/FullSystem.h:36:0,
                 from /home/ren/work/fdso0117/fdso/src/FullSystem/FullSystem.cpp:32:
/home/ren/work/fdso0117/fdso/src/FullSystem/FrameHessian.h:350:22: note: neither the destructor nor the class-specific operator delete will be called, even if they are declared when the class is defined
    delete _features[i];
                      ^
Linking CXX static library lib/libdso.a
[ 96%] Built target dso
Linking CXX executable bin/dso_dataset
[100%] Built target dso_dataset
